[0m[1mdata.aws_iam_role.lab_role: Reading...[0m[0m
[0m[1mdata.aws_availability_zones.available: Reading...[0m[0m
[0m[1mdata.aws_caller_identity.current: Reading...[0m[0m
[0m[1mdata.aws_caller_identity.current: Read complete after 0s [id=447958713966][0m
[0m[1mdata.aws_availability_zones.available: Read complete after 1s [id=us-east-1][0m
[0m[1mdata.aws_iam_role.lab_role: Read complete after 1s [id=LabRole][0m

Terraform used the selected providers to generate the following execution
plan. Resource actions are indicated with the following symbols:
  [32m+[0m create[0m

Terraform will perform the following actions:

[1m  # aws_cloudfront_distribution.frontend[0m will be created
[0m  [32m+[0m[0m resource "aws_cloudfront_distribution" "frontend" {
      [32m+[0m[0m arn                             = (known after apply)
      [32m+[0m[0m caller_reference                = (known after apply)
      [32m+[0m[0m comment                         = "pqr-clasificador frontend"
      [32m+[0m[0m continuous_deployment_policy_id = (known after apply)
      [32m+[0m[0m default_root_object             = "index.html"
      [32m+[0m[0m domain_name                     = (known after apply)
      [32m+[0m[0m enabled                         = true
      [32m+[0m[0m etag                            = (known after apply)
      [32m+[0m[0m hosted_zone_id                  = (known after apply)
      [32m+[0m[0m http_version                    = "http2"
      [32m+[0m[0m id                              = (known after apply)
      [32m+[0m[0m in_progress_validation_batches  = (known after apply)
      [32m+[0m[0m is_ipv6_enabled                 = false
      [32m+[0m[0m last_modified_time              = (known after apply)
      [32m+[0m[0m price_class                     = "PriceClass_All"
      [32m+[0m[0m retain_on_delete                = false
      [32m+[0m[0m staging                         = false
      [32m+[0m[0m status                          = (known after apply)
      [32m+[0m[0m tags                            = {
          [32m+[0m[0m "Name" = "pqr-clasificador-frontend-cdn"
        }
      [32m+[0m[0m tags_all                        = {
          [32m+[0m[0m "Name" = "pqr-clasificador-frontend-cdn"
        }
      [32m+[0m[0m trusted_key_groups              = (known after apply)
      [32m+[0m[0m trusted_signers                 = (known after apply)
      [32m+[0m[0m wait_for_deployment             = true

      [32m+[0m[0m custom_error_response {
          [32m+[0m[0m error_code         = 403
          [32m+[0m[0m response_code      = 200
          [32m+[0m[0m response_page_path = "/index.html"
        }
      [32m+[0m[0m custom_error_response {
          [32m+[0m[0m error_code         = 404
          [32m+[0m[0m response_code      = 200
          [32m+[0m[0m response_page_path = "/index.html"
        }

      [32m+[0m[0m default_cache_behavior {
          [32m+[0m[0m allowed_methods        = [
              [32m+[0m[0m "GET",
              [32m+[0m[0m "HEAD",
            ]
          [32m+[0m[0m cache_policy_id        = "658327ea-f89d-4fab-a63d-7e88639e58f6"
          [32m+[0m[0m cached_methods         = [
              [32m+[0m[0m "GET",
              [32m+[0m[0m "HEAD",
            ]
          [32m+[0m[0m compress               = true
          [32m+[0m[0m default_ttl            = (known after apply)
          [32m+[0m[0m max_ttl                = (known after apply)
          [32m+[0m[0m min_ttl                = 0
          [32m+[0m[0m target_origin_id       = "s3-frontend"
          [32m+[0m[0m trusted_key_groups     = (known after apply)
          [32m+[0m[0m trusted_signers        = (known after apply)
          [32m+[0m[0m viewer_protocol_policy = "redirect-to-https"

          [32m+[0m[0m grpc_config (known after apply)
        }

      [32m+[0m[0m ordered_cache_behavior {
          [32m+[0m[0m allowed_methods          = [
              [32m+[0m[0m "DELETE",
              [32m+[0m[0m "GET",
              [32m+[0m[0m "HEAD",
              [32m+[0m[0m "OPTIONS",
              [32m+[0m[0m "PATCH",
              [32m+[0m[0m "POST",
              [32m+[0m[0m "PUT",
            ]
          [32m+[0m[0m cache_policy_id          = "4135ea3d-c38f-4be3-a159-ca0a21b26898"
          [32m+[0m[0m cached_methods           = [
              [32m+[0m[0m "GET",
              [32m+[0m[0m "HEAD",
            ]
          [32m+[0m[0m compress                 = false
          [32m+[0m[0m default_ttl              = (known after apply)
          [32m+[0m[0m max_ttl                  = (known after apply)
          [32m+[0m[0m min_ttl                  = 0
          [32m+[0m[0m origin_request_policy_id = "216adef6-5c7f-47e4-b989-5492eafa49d3"
          [32m+[0m[0m path_pattern             = "/api/*"
          [32m+[0m[0m target_origin_id         = "alb-backend"
          [32m+[0m[0m viewer_protocol_policy   = "redirect-to-https"

          [32m+[0m[0m grpc_config (known after apply)
        }

      [32m+[0m[0m origin {
          [32m+[0m[0m connection_attempts      = 3
          [32m+[0m[0m connection_timeout       = 10
          [32m+[0m[0m domain_name              = (known after apply)
          [32m+[0m[0m origin_id                = "alb-backend"
            [90m# (2 unchanged attributes hidden)[0m[0m

          [32m+[0m[0m custom_origin_config {
              [32m+[0m[0m http_port                = 80
              [32m+[0m[0m https_port               = 443
              [32m+[0m[0m origin_keepalive_timeout = 5
              [32m+[0m[0m origin_protocol_policy   = "http-only"
              [32m+[0m[0m origin_read_timeout      = 30
              [32m+[0m[0m origin_ssl_protocols     = [
                  [32m+[0m[0m "TLSv1.2",
                ]
            }
        }
      [32m+[0m[0m origin {
          [32m+[0m[0m connection_attempts      = 3
          [32m+[0m[0m connection_timeout       = 10
          [32m+[0m[0m domain_name              = (known after apply)
          [32m+[0m[0m origin_access_control_id = (known after apply)
          [32m+[0m[0m origin_id                = "s3-frontend"
            [90m# (1 unchanged attribute hidden)[0m[0m
        }

      [32m+[0m[0m restrictions {
          [32m+[0m[0m geo_restriction {
              [32m+[0m[0m locations        = (known after apply)
              [32m+[0m[0m restriction_type = "none"
            }
        }

      [32m+[0m[0m viewer_certificate {
          [32m+[0m[0m cloudfront_default_certificate = true
          [32m+[0m[0m minimum_protocol_version       = "TLSv1"
        }
    }

[1m  # aws_cloudfront_origin_access_control.frontend[0m will be created
[0m  [32m+[0m[0m resource "aws_cloudfront_origin_access_control" "frontend" {
      [32m+[0m[0m arn                               = (known after apply)
      [32m+[0m[0m description                       = "Managed by Terraform"
      [32m+[0m[0m etag                              = (known after apply)
      [32m+[0m[0m id                                = (known after apply)
      [32m+[0m[0m name                              = "pqr-clasificador-frontend-oac"
      [32m+[0m[0m origin_access_control_origin_type = "s3"
      [32m+[0m[0m signing_behavior                  = "always"
      [32m+[0m[0m signing_protocol                  = "sigv4"
    }

[1m  # aws_cloudwatch_log_group.backend[0m will be created
[0m  [32m+[0m[0m resource "aws_cloudwatch_log_group" "backend" {
      [32m+[0m[0m arn               = (known after apply)
      [32m+[0m[0m id                = (known after apply)
      [32m+[0m[0m log_group_class   = (known after apply)
      [32m+[0m[0m name              = "/ecs/pqr-clasificador-backend"
      [32m+[0m[0m name_prefix       = (known after apply)
      [32m+[0m[0m retention_in_days = 14
      [32m+[0m[0m skip_destroy      = false
      [32m+[0m[0m tags_all          = (known after apply)
    }

[1m  # aws_db_instance.main[0m will be created
[0m  [32m+[0m[0m resource "aws_db_instance" "main" {
      [32m+[0m[0m address                               = (known after apply)
      [32m+[0m[0m allocated_storage                     = 20
      [32m+[0m[0m apply_immediately                     = false
      [32m+[0m[0m arn                                   = (known after apply)
      [32m+[0m[0m auto_minor_version_upgrade            = true
      [32m+[0m[0m availability_zone                     = (known after apply)
      [32m+[0m[0m backup_retention_period               = 7
      [32m+[0m[0m backup_target                         = (known after apply)
      [32m+[0m[0m backup_window                         = (known after apply)
      [32m+[0m[0m ca_cert_identifier                    = (known after apply)
      [32m+[0m[0m character_set_name                    = (known after apply)
      [32m+[0m[0m copy_tags_to_snapshot                 = false
      [32m+[0m[0m database_insights_mode                = (known after apply)
      [32m+[0m[0m db_name                               = "pqr"
      [32m+[0m[0m db_subnet_group_name                  = "pqr-clasificador-db-subnet-group"
      [32m+[0m[0m dedicated_log_volume                  = false
      [32m+[0m[0m delete_automated_backups              = true
      [32m+[0m[0m deletion_protection                   = false
      [32m+[0m[0m domain_fqdn                           = (known after apply)
      [32m+[0m[0m endpoint                              = (known after apply)
      [32m+[0m[0m engine                                = "postgres"
      [32m+[0m[0m engine_lifecycle_support              = (known after apply)
      [32m+[0m[0m engine_version                        = "16"
      [32m+[0m[0m engine_version_actual                 = (known after apply)
      [32m+[0m[0m hosted_zone_id                        = (known after apply)
      [32m+[0m[0m id                                    = (known after apply)
      [32m+[0m[0m identifier                            = "pqr-clasificador-db"
      [32m+[0m[0m identifier_prefix                     = (known after apply)
      [32m+[0m[0m instance_class                        = "db.t4g.micro"
      [32m+[0m[0m iops                                  = (known after apply)
      [32m+[0m[0m kms_key_id                            = (known after apply)
      [32m+[0m[0m latest_restorable_time                = (known after apply)
      [32m+[0m[0m license_model                         = (known after apply)
      [32m+[0m[0m listener_endpoint                     = (known after apply)
      [32m+[0m[0m maintenance_window                    = (known after apply)
      [32m+[0m[0m master_user_secret                    = (known after apply)
      [32m+[0m[0m master_user_secret_kms_key_id         = (known after apply)
      [32m+[0m[0m monitoring_interval                   = 0
      [32m+[0m[0m monitoring_role_arn                   = (known after apply)
      [32m+[0m[0m multi_az                              = false
      [32m+[0m[0m nchar_character_set_name              = (known after apply)
      [32m+[0m[0m network_type                          = (known after apply)
      [32m+[0m[0m option_group_name                     = (known after apply)
      [32m+[0m[0m parameter_group_name                  = (known after apply)
      [32m+[0m[0m password                              = (sensitive value)
      [32m+[0m[0m password_wo                           = (write-only attribute)
      [32m+[0m[0m performance_insights_enabled          = false
      [32m+[0m[0m performance_insights_kms_key_id       = (known after apply)
      [32m+[0m[0m performance_insights_retention_period = (known after apply)
      [32m+[0m[0m port                                  = 5432
      [32m+[0m[0m publicly_accessible                   = false
      [32m+[0m[0m replica_mode                          = (known after apply)
      [32m+[0m[0m replicas                              = (known after apply)
      [32m+[0m[0m resource_id                           = (known after apply)
      [32m+[0m[0m skip_final_snapshot                   = true
      [32m+[0m[0m snapshot_identifier                   = (known after apply)
      [32m+[0m[0m status                                = (known after apply)
      [32m+[0m[0m storage_encrypted                     = true
      [32m+[0m[0m storage_throughput                    = (known after apply)
      [32m+[0m[0m storage_type                          = "gp3"
      [32m+[0m[0m tags                                  = {
          [32m+[0m[0m "Name" = "pqr-clasificador-db"
        }
      [32m+[0m[0m tags_all                              = {
          [32m+[0m[0m "Name" = "pqr-clasificador-db"
        }
      [32m+[0m[0m timezone                              = (known after apply)
      [32m+[0m[0m username                              = "pqr_admin"
      [32m+[0m[0m vpc_security_group_ids                = (known after apply)
    }

[1m  # aws_db_subnet_group.main[0m will be created
[0m  [32m+[0m[0m resource "aws_db_subnet_group" "main" {
      [32m+[0m[0m arn                     = (known after apply)
      [32m+[0m[0m description             = "Managed by Terraform"
      [32m+[0m[0m id                      = (known after apply)
      [32m+[0m[0m name                    = "pqr-clasificador-db-subnet-group"
      [32m+[0m[0m name_prefix             = (known after apply)
      [32m+[0m[0m subnet_ids              = (known after apply)
      [32m+[0m[0m supported_network_types = (known after apply)
      [32m+[0m[0m tags                    = {
          [32m+[0m[0m "Name" = "pqr-clasificador-db-subnet-group"
        }
      [32m+[0m[0m tags_all                = {
          [32m+[0m[0m "Name" = "pqr-clasificador-db-subnet-group"
        }
      [32m+[0m[0m vpc_id                  = (known after apply)
    }

[1m  # aws_ecr_lifecycle_policy.backend[0m will be created
[0m  [32m+[0m[0m resource "aws_ecr_lifecycle_policy" "backend" {
      [32m+[0m[0m id          = (known after apply)
      [32m+[0m[0m policy      = jsonencode(
            {
              [32m+[0m[0m rules = [
                  [32m+[0m[0m {
                      [32m+[0m[0m action       = {
                          [32m+[0m[0m type = "expire"
                        }
                      [32m+[0m[0m description  = "Conservar solo las ultimas 10 imagenes"
                      [32m+[0m[0m rulePriority = 1
                      [32m+[0m[0m selection    = {
                          [32m+[0m[0m countNumber = 10
                          [32m+[0m[0m countType   = "imageCountMoreThan"
                          [32m+[0m[0m tagStatus   = "any"
                        }
                    },
                ]
            }
        )
      [32m+[0m[0m registry_id = (known after apply)
      [32m+[0m[0m repository  = "pqr-clasificador-backend"
    }

[1m  # aws_ecr_repository.backend[0m will be created
[0m  [32m+[0m[0m resource "aws_ecr_repository" "backend" {
      [32m+[0m[0m arn                  = (known after apply)
      [32m+[0m[0m id                   = (known after apply)
      [32m+[0m[0m image_tag_mutability = "MUTABLE"
      [32m+[0m[0m name                 = "pqr-clasificador-backend"
      [32m+[0m[0m registry_id          = (known after apply)
      [32m+[0m[0m repository_url       = (known after apply)
      [32m+[0m[0m tags                 = {
          [32m+[0m[0m "Name" = "pqr-clasificador-backend"
        }
      [32m+[0m[0m tags_all             = {
          [32m+[0m[0m "Name" = "pqr-clasificador-backend"
        }

      [32m+[0m[0m image_scanning_configuration {
          [32m+[0m[0m scan_on_push = true
        }
    }

[1m  # aws_ecs_cluster.main[0m will be created
[0m  [32m+[0m[0m resource "aws_ecs_cluster" "main" {
      [32m+[0m[0m arn      = (known after apply)
      [32m+[0m[0m id       = (known after apply)
      [32m+[0m[0m name     = "pqr-clasificador-cluster"
      [32m+[0m[0m tags_all = (known after apply)

      [32m+[0m[0m setting {
          [32m+[0m[0m name  = "containerInsights"
          [32m+[0m[0m value = "disabled"
        }
    }

[1m  # aws_ecs_service.backend[0m will be created
[0m  [32m+[0m[0m resource "aws_ecs_service" "backend" {
      [32m+[0m[0m availability_zone_rebalancing      = "DISABLED"
      [32m+[0m[0m cluster                            = (known after apply)
      [32m+[0m[0m deployment_maximum_percent         = 200
      [32m+[0m[0m deployment_minimum_healthy_percent = 0
      [32m+[0m[0m desired_count                      = 1
      [32m+[0m[0m enable_ecs_managed_tags            = false
      [32m+[0m[0m enable_execute_command             = false
      [32m+[0m[0m iam_role                           = (known after apply)
      [32m+[0m[0m id                                 = (known after apply)
      [32m+[0m[0m launch_type                        = "FARGATE"
      [32m+[0m[0m name                               = "pqr-clasificador-backend"
      [32m+[0m[0m platform_version                   = (known after apply)
      [32m+[0m[0m scheduling_strategy                = "REPLICA"
      [32m+[0m[0m tags_all                           = (known after apply)
      [32m+[0m[0m task_definition                    = (known after apply)
      [32m+[0m[0m triggers                           = (known after apply)
      [32m+[0m[0m wait_for_steady_state              = false

      [32m+[0m[0m load_balancer {
          [32m+[0m[0m container_name   = "backend"
          [32m+[0m[0m container_port   = 3001
          [32m+[0m[0m target_group_arn = (known after apply)
            [90m# (1 unchanged attribute hidden)[0m[0m
        }

      [32m+[0m[0m network_configuration {
          [32m+[0m[0m assign_public_ip = false
          [32m+[0m[0m security_groups  = (known after apply)
          [32m+[0m[0m subnets          = (known after apply)
        }
    }

[1m  # aws_ecs_task_definition.backend[0m will be created
[0m  [32m+[0m[0m resource "aws_ecs_task_definition" "backend" {
      [32m+[0m[0m arn                      = (known after apply)
      [32m+[0m[0m arn_without_revision     = (known after apply)
      [32m+[0m[0m container_definitions    = (known after apply)
      [32m+[0m[0m cpu                      = "512"
      [32m+[0m[0m enable_fault_injection   = (known after apply)
      [32m+[0m[0m execution_role_arn       = "arn:aws:iam::447958713966:role/LabRole"
      [32m+[0m[0m family                   = "pqr-clasificador-backend"
      [32m+[0m[0m id                       = (known after apply)
      [32m+[0m[0m memory                   = "1024"
      [32m+[0m[0m network_mode             = "awsvpc"
      [32m+[0m[0m requires_compatibilities = [
          [32m+[0m[0m "FARGATE",
        ]
      [32m+[0m[0m revision                 = (known after apply)
      [32m+[0m[0m skip_destroy             = false
      [32m+[0m[0m tags                     = {
          [32m+[0m[0m "Name" = "pqr-clasificador-backend-task"
        }
      [32m+[0m[0m tags_all                 = {
          [32m+[0m[0m "Name" = "pqr-clasificador-backend-task"
        }
      [32m+[0m[0m task_role_arn            = "arn:aws:iam::447958713966:role/LabRole"
      [32m+[0m[0m track_latest             = false

      [32m+[0m[0m volume {
          [32m+[0m[0m configure_at_launch = (known after apply)
          [32m+[0m[0m name                = "wa-auth"
            [90m# (1 unchanged attribute hidden)[0m[0m

          [32m+[0m[0m efs_volume_configuration {
              [32m+[0m[0m file_system_id          = (known after apply)
              [32m+[0m[0m root_directory          = "/"
              [32m+[0m[0m transit_encryption      = "ENABLED"
              [32m+[0m[0m transit_encryption_port = 0

              [32m+[0m[0m authorization_config {
                  [32m+[0m[0m access_point_id = (known after apply)
                  [32m+[0m[0m iam             = "ENABLED"
                }
            }
        }
    }

[1m  # aws_efs_access_point.wa_auth[0m will be created
[0m  [32m+[0m[0m resource "aws_efs_access_point" "wa_auth" {
      [32m+[0m[0m arn             = (known after apply)
      [32m+[0m[0m file_system_arn = (known after apply)
      [32m+[0m[0m file_system_id  = (known after apply)
      [32m+[0m[0m id              = (known after apply)
      [32m+[0m[0m owner_id        = (known after apply)
      [32m+[0m[0m tags            = {
          [32m+[0m[0m "Name" = "pqr-clasificador-wa-auth-ap"
        }
      [32m+[0m[0m tags_all        = {
          [32m+[0m[0m "Name" = "pqr-clasificador-wa-auth-ap"
        }

      [32m+[0m[0m posix_user {
          [32m+[0m[0m gid = 1000
          [32m+[0m[0m uid = 1000
        }

      [32m+[0m[0m root_directory {
          [32m+[0m[0m path = "/wa-auth"

          [32m+[0m[0m creation_info {
              [32m+[0m[0m owner_gid   = 1000
              [32m+[0m[0m owner_uid   = 1000
              [32m+[0m[0m permissions = "755"
            }
        }
    }

[1m  # aws_efs_file_system.wa_auth[0m will be created
[0m  [32m+[0m[0m resource "aws_efs_file_system" "wa_auth" {
      [32m+[0m[0m arn                     = (known after apply)
      [32m+[0m[0m availability_zone_id    = (known after apply)
      [32m+[0m[0m availability_zone_name  = (known after apply)
      [32m+[0m[0m creation_token          = "pqr-clasificador-wa-auth"
      [32m+[0m[0m dns_name                = (known after apply)
      [32m+[0m[0m encrypted               = true
      [32m+[0m[0m id                      = (known after apply)
      [32m+[0m[0m kms_key_id              = (known after apply)
      [32m+[0m[0m name                    = (known after apply)
      [32m+[0m[0m number_of_mount_targets = (known after apply)
      [32m+[0m[0m owner_id                = (known after apply)
      [32m+[0m[0m performance_mode        = (known after apply)
      [32m+[0m[0m size_in_bytes           = (known after apply)
      [32m+[0m[0m tags                    = {
          [32m+[0m[0m "Name" = "pqr-clasificador-wa-auth"
        }
      [32m+[0m[0m tags_all                = {
          [32m+[0m[0m "Name" = "pqr-clasificador-wa-auth"
        }
      [32m+[0m[0m throughput_mode         = "bursting"

      [32m+[0m[0m protection (known after apply)
    }

[1m  # aws_efs_mount_target.wa_auth[0][0m will be created
[0m  [32m+[0m[0m resource "aws_efs_mount_target" "wa_auth" {
      [32m+[0m[0m availability_zone_id   = (known after apply)
      [32m+[0m[0m availability_zone_name = (known after apply)
      [32m+[0m[0m dns_name               = (known after apply)
      [32m+[0m[0m file_system_arn        = (known after apply)
      [32m+[0m[0m file_system_id         = (known after apply)
      [32m+[0m[0m id                     = (known after apply)
      [32m+[0m[0m ip_address             = (known after apply)
      [32m+[0m[0m mount_target_dns_name  = (known after apply)
      [32m+[0m[0m network_interface_id   = (known after apply)
      [32m+[0m[0m owner_id               = (known after apply)
      [32m+[0m[0m security_groups        = (known after apply)
      [32m+[0m[0m subnet_id              = (known after apply)
    }

[1m  # aws_efs_mount_target.wa_auth[1][0m will be created
[0m  [32m+[0m[0m resource "aws_efs_mount_target" "wa_auth" {
      [32m+[0m[0m availability_zone_id   = (known after apply)
      [32m+[0m[0m availability_zone_name = (known after apply)
      [32m+[0m[0m dns_name               = (known after apply)
      [32m+[0m[0m file_system_arn        = (known after apply)
      [32m+[0m[0m file_system_id         = (known after apply)
      [32m+[0m[0m id                     = (known after apply)
      [32m+[0m[0m ip_address             = (known after apply)
      [32m+[0m[0m mount_target_dns_name  = (known after apply)
      [32m+[0m[0m network_interface_id   = (known after apply)
      [32m+[0m[0m owner_id               = (known after apply)
      [32m+[0m[0m security_groups        = (known after apply)
      [32m+[0m[0m subnet_id              = (known after apply)
    }

[1m  # aws_eip.nat[0m will be created
[0m  [32m+[0m[0m resource "aws_eip" "nat" {
      [32m+[0m[0m allocation_id        = (known after apply)
      [32m+[0m[0m arn                  = (known after apply)
      [32m+[0m[0m association_id       = (known after apply)
      [32m+[0m[0m carrier_ip           = (known after apply)
      [32m+[0m[0m customer_owned_ip    = (known after apply)
      [32m+[0m[0m domain               = "vpc"
      [32m+[0m[0m id                   = (known after apply)
      [32m+[0m[0m instance             = (known after apply)
      [32m+[0m[0m ipam_pool_id         = (known after apply)
      [32m+[0m[0m network_border_group = (known after apply)
      [32m+[0m[0m network_interface    = (known after apply)
      [32m+[0m[0m private_dns          = (known after apply)
      [32m+[0m[0m private_ip           = (known after apply)
      [32m+[0m[0m ptr_record           = (known after apply)
      [32m+[0m[0m public_dns           = (known after apply)
      [32m+[0m[0m public_ip            = (known after apply)
      [32m+[0m[0m public_ipv4_pool     = (known after apply)
      [32m+[0m[0m tags                 = {
          [32m+[0m[0m "Name" = "pqr-clasificador-nat-eip"
        }
      [32m+[0m[0m tags_all             = {
          [32m+[0m[0m "Name" = "pqr-clasificador-nat-eip"
        }
      [32m+[0m[0m vpc                  = (known after apply)
    }

[1m  # aws_internet_gateway.main[0m will be created
[0m  [32m+[0m[0m resource "aws_internet_gateway" "main" {
      [32m+[0m[0m arn      = (known after apply)
      [32m+[0m[0m id       = (known after apply)
      [32m+[0m[0m owner_id = (known after apply)
      [32m+[0m[0m tags     = {
          [32m+[0m[0m "Name" = "pqr-clasificador-igw"
        }
      [32m+[0m[0m tags_all = {
          [32m+[0m[0m "Name" = "pqr-clasificador-igw"
        }
      [32m+[0m[0m vpc_id   = (known after apply)
    }

[1m  # aws_lb.main[0m will be created
[0m  [32m+[0m[0m resource "aws_lb" "main" {
      [32m+[0m[0m arn                                                          = (known after apply)
      [32m+[0m[0m arn_suffix                                                   = (known after apply)
      [32m+[0m[0m client_keep_alive                                            = 3600
      [32m+[0m[0m desync_mitigation_mode                                       = "defensive"
      [32m+[0m[0m dns_name                                                     = (known after apply)
      [32m+[0m[0m drop_invalid_header_fields                                   = false
      [32m+[0m[0m enable_deletion_protection                                   = false
      [32m+[0m[0m enable_http2                                                 = true
      [32m+[0m[0m enable_tls_version_and_cipher_suite_headers                  = false
      [32m+[0m[0m enable_waf_fail_open                                         = false
      [32m+[0m[0m enable_xff_client_port                                       = false
      [32m+[0m[0m enable_zonal_shift                                           = false
      [32m+[0m[0m enforce_security_group_inbound_rules_on_private_link_traffic = (known after apply)
      [32m+[0m[0m id                                                           = (known after apply)
      [32m+[0m[0m idle_timeout                                                 = 60
      [32m+[0m[0m internal                                                     = false
      [32m+[0m[0m ip_address_type                                              = (known after apply)
      [32m+[0m[0m load_balancer_type                                           = "application"
      [32m+[0m[0m name                                                         = "pqr-clasificador-alb"
      [32m+[0m[0m name_prefix                                                  = (known after apply)
      [32m+[0m[0m preserve_host_header                                         = false
      [32m+[0m[0m security_groups                                              = (known after apply)
      [32m+[0m[0m subnets                                                      = (known after apply)
      [32m+[0m[0m tags                                                         = {
          [32m+[0m[0m "Name" = "pqr-clasificador-alb"
        }
      [32m+[0m[0m tags_all                                                     = {
          [32m+[0m[0m "Name" = "pqr-clasificador-alb"
        }
      [32m+[0m[0m vpc_id                                                       = (known after apply)
      [32m+[0m[0m xff_header_processing_mode                                   = "append"
      [32m+[0m[0m zone_id                                                      = (known after apply)

      [32m+[0m[0m subnet_mapping (known after apply)
    }

[1m  # aws_lb_listener.http[0m will be created
[0m  [32m+[0m[0m resource "aws_lb_listener" "http" {
      [32m+[0m[0m arn                                                                   = (known after apply)
      [32m+[0m[0m id                                                                    = (known after apply)
      [32m+[0m[0m load_balancer_arn                                                     = (known after apply)
      [32m+[0m[0m port                                                                  = 80
      [32m+[0m[0m protocol                                                              = "HTTP"
      [32m+[0m[0m routing_http_request_x_amzn_mtls_clientcert_header_name               = (known after apply)
      [32m+[0m[0m routing_http_request_x_amzn_mtls_clientcert_issuer_header_name        = (known after apply)
      [32m+[0m[0m routing_http_request_x_amzn_mtls_clientcert_leaf_header_name          = (known after apply)
      [32m+[0m[0m routing_http_request_x_amzn_mtls_clientcert_serial_number_header_name = (known after apply)
      [32m+[0m[0m routing_http_request_x_amzn_mtls_clientcert_subject_header_name       = (known after apply)
      [32m+[0m[0m routing_http_request_x_amzn_mtls_clientcert_validity_header_name      = (known after apply)
      [32m+[0m[0m routing_http_request_x_amzn_tls_cipher_suite_header_name              = (known after apply)
      [32m+[0m[0m routing_http_request_x_amzn_tls_version_header_name                   = (known after apply)
      [32m+[0m[0m routing_http_response_access_control_allow_credentials_header_value   = (known after apply)
      [32m+[0m[0m routing_http_response_access_control_allow_headers_header_value       = (known after apply)
      [32m+[0m[0m routing_http_response_access_control_allow_methods_header_value       = (known after apply)
      [32m+[0m[0m routing_http_response_access_control_allow_origin_header_value        = (known after apply)
      [32m+[0m[0m routing_http_response_access_control_expose_headers_header_value      = (known after apply)
      [32m+[0m[0m routing_http_response_access_control_max_age_header_value             = (known after apply)
      [32m+[0m[0m routing_http_response_content_security_policy_header_value            = (known after apply)
      [32m+[0m[0m routing_http_response_server_enabled                                  = (known after apply)
      [32m+[0m[0m routing_http_response_strict_transport_security_header_value          = (known after apply)
      [32m+[0m[0m routing_http_response_x_content_type_options_header_value             = (known after apply)
      [32m+[0m[0m routing_http_response_x_frame_options_header_value                    = (known after apply)
      [32m+[0m[0m ssl_policy                                                            = (known after apply)
      [32m+[0m[0m tags_all                                                              = (known after apply)
      [32m+[0m[0m tcp_idle_timeout_seconds                                              = (known after apply)

      [32m+[0m[0m default_action {
          [32m+[0m[0m order            = (known after apply)
          [32m+[0m[0m target_group_arn = (known after apply)
          [32m+[0m[0m type             = "forward"
        }

      [32m+[0m[0m mutual_authentication (known after apply)
    }

[1m  # aws_lb_target_group.backend[0m will be created
[0m  [32m+[0m[0m resource "aws_lb_target_group" "backend" {
      [32m+[0m[0m arn                                = (known after apply)
      [32m+[0m[0m arn_suffix                         = (known after apply)
      [32m+[0m[0m connection_termination             = (known after apply)
      [32m+[0m[0m deregistration_delay               = "300"
      [32m+[0m[0m id                                 = (known after apply)
      [32m+[0m[0m ip_address_type                    = (known after apply)
      [32m+[0m[0m lambda_multi_value_headers_enabled = false
      [32m+[0m[0m load_balancer_arns                 = (known after apply)
      [32m+[0m[0m load_balancing_algorithm_type      = (known after apply)
      [32m+[0m[0m load_balancing_anomaly_mitigation  = (known after apply)
      [32m+[0m[0m load_balancing_cross_zone_enabled  = (known after apply)
      [32m+[0m[0m name                               = "pqr-clasificador-backend-tg"
      [32m+[0m[0m name_prefix                        = (known after apply)
      [32m+[0m[0m port                               = 3001
      [32m+[0m[0m preserve_client_ip                 = (known after apply)
      [32m+[0m[0m protocol                           = "HTTP"
      [32m+[0m[0m protocol_version                   = (known after apply)
      [32m+[0m[0m proxy_protocol_v2                  = false
      [32m+[0m[0m slow_start                         = 0
      [32m+[0m[0m tags                               = {
          [32m+[0m[0m "Name" = "pqr-clasificador-backend-tg"
        }
      [32m+[0m[0m tags_all                           = {
          [32m+[0m[0m "Name" = "pqr-clasificador-backend-tg"
        }
      [32m+[0m[0m target_type                        = "ip"
      [32m+[0m[0m vpc_id                             = (known after apply)

      [32m+[0m[0m health_check {
          [32m+[0m[0m enabled             = true
          [32m+[0m[0m healthy_threshold   = 2
          [32m+[0m[0m interval            = 30
          [32m+[0m[0m matcher             = "200"
          [32m+[0m[0m path                = "/"
          [32m+[0m[0m port                = "traffic-port"
          [32m+[0m[0m protocol            = "HTTP"
          [32m+[0m[0m timeout             = 10
          [32m+[0m[0m unhealthy_threshold = 5
        }

      [32m+[0m[0m stickiness (known after apply)

      [32m+[0m[0m target_failover (known after apply)

      [32m+[0m[0m target_group_health (known after apply)

      [32m+[0m[0m target_health_state (known after apply)
    }

[1m  # aws_nat_gateway.main[0m will be created
[0m  [32m+[0m[0m resource "aws_nat_gateway" "main" {
      [32m+[0m[0m allocation_id                      = (known after apply)
      [32m+[0m[0m association_id                     = (known after apply)
      [32m+[0m[0m connectivity_type                  = "public"
      [32m+[0m[0m id                                 = (known after apply)
      [32m+[0m[0m network_interface_id               = (known after apply)
      [32m+[0m[0m private_ip                         = (known after apply)
      [32m+[0m[0m public_ip                          = (known after apply)
      [32m+[0m[0m secondary_private_ip_address_count = (known after apply)
      [32m+[0m[0m secondary_private_ip_addresses     = (known after apply)
      [32m+[0m[0m subnet_id                          = (known after apply)
      [32m+[0m[0m tags                               = {
          [32m+[0m[0m "Name" = "pqr-clasificador-nat"
        }
      [32m+[0m[0m tags_all                           = {
          [32m+[0m[0m "Name" = "pqr-clasificador-nat"
        }
    }

[1m  # aws_route_table.private[0m will be created
[0m  [32m+[0m[0m resource "aws_route_table" "private" {
      [32m+[0m[0m arn              = (known after apply)
      [32m+[0m[0m id               = (known after apply)
      [32m+[0m[0m owner_id         = (known after apply)
      [32m+[0m[0m propagating_vgws = (known after apply)
      [32m+[0m[0m route            = [
          [32m+[0m[0m {
              [32m+[0m[0m cidr_block                 = "0.0.0.0/0"
              [32m+[0m[0m nat_gateway_id             = (known after apply)
                [90m# (11 unchanged attributes hidden)[0m[0m
            },
        ]
      [32m+[0m[0m tags             = {
          [32m+[0m[0m "Name" = "pqr-clasificador-private-rt"
        }
      [32m+[0m[0m tags_all         = {
          [32m+[0m[0m "Name" = "pqr-clasificador-private-rt"
        }
      [32m+[0m[0m vpc_id           = (known after apply)
    }

[1m  # aws_route_table.public[0m will be created
[0m  [32m+[0m[0m resource "aws_route_table" "public" {
      [32m+[0m[0m arn              = (known after apply)
      [32m+[0m[0m id               = (known after apply)
      [32m+[0m[0m owner_id         = (known after apply)
      [32m+[0m[0m propagating_vgws = (known after apply)
      [32m+[0m[0m route            = [
          [32m+[0m[0m {
              [32m+[0m[0m cidr_block                 = "0.0.0.0/0"
              [32m+[0m[0m gateway_id                 = (known after apply)
                [90m# (11 unchanged attributes hidden)[0m[0m
            },
        ]
      [32m+[0m[0m tags             = {
          [32m+[0m[0m "Name" = "pqr-clasificador-public-rt"
        }
      [32m+[0m[0m tags_all         = {
          [32m+[0m[0m "Name" = "pqr-clasificador-public-rt"
        }
      [32m+[0m[0m vpc_id           = (known after apply)
    }

[1m  # aws_route_table_association.private[0][0m will be created
[0m  [32m+[0m[0m resource "aws_route_table_association" "private" {
      [32m+[0m[0m id             = (known after apply)
      [32m+[0m[0m route_table_id = (known after apply)
      [32m+[0m[0m subnet_id      = (known after apply)
    }

[1m  # aws_route_table_association.private[1][0m will be created
[0m  [32m+[0m[0m resource "aws_route_table_association" "private" {
      [32m+[0m[0m id             = (known after apply)
      [32m+[0m[0m route_table_id = (known after apply)
      [32m+[0m[0m subnet_id      = (known after apply)
    }

[1m  # aws_route_table_association.public[0][0m will be created
[0m  [32m+[0m[0m resource "aws_route_table_association" "public" {
      [32m+[0m[0m id             = (known after apply)
      [32m+[0m[0m route_table_id = (known after apply)
      [32m+[0m[0m subnet_id      = (known after apply)
    }

[1m  # aws_route_table_association.public[1][0m will be created
[0m  [32m+[0m[0m resource "aws_route_table_association" "public" {
      [32m+[0m[0m id             = (known after apply)
      [32m+[0m[0m route_table_id = (known after apply)
      [32m+[0m[0m subnet_id      = (known after apply)
    }

[1m  # aws_s3_bucket.frontend[0m will be created
[0m  [32m+[0m[0m resource "aws_s3_bucket" "frontend" {
      [32m+[0m[0m acceleration_status         = (known after apply)
      [32m+[0m[0m acl                         = (known after apply)
      [32m+[0m[0m arn                         = (known after apply)
      [32m+[0m[0m bucket                      = "pqr-clasificador-frontend-447958713966"
      [32m+[0m[0m bucket_domain_name          = (known after apply)
      [32m+[0m[0m bucket_prefix               = (known after apply)
      [32m+[0m[0m bucket_regional_domain_name = (known after apply)
      [32m+[0m[0m force_destroy               = false
      [32m+[0m[0m hosted_zone_id              = (known after apply)
      [32m+[0m[0m id                          = (known after apply)
      [32m+[0m[0m object_lock_enabled         = (known after apply)
      [32m+[0m[0m policy                      = (known after apply)
      [32m+[0m[0m region                      = (known after apply)
      [32m+[0m[0m request_payer               = (known after apply)
      [32m+[0m[0m tags                        = {
          [32m+[0m[0m "Name" = "pqr-clasificador-frontend"
        }
      [32m+[0m[0m tags_all                    = {
          [32m+[0m[0m "Name" = "pqr-clasificador-frontend"
        }
      [32m+[0m[0m website_domain              = (known after apply)
      [32m+[0m[0m website_endpoint            = (known after apply)

      [32m+[0m[0m cors_rule (known after apply)

      [32m+[0m[0m grant (known after apply)

      [32m+[0m[0m lifecycle_rule (known after apply)

      [32m+[0m[0m logging (known after apply)

      [32m+[0m[0m object_lock_configuration (known after apply)

      [32m+[0m[0m replication_configuration (known after apply)

      [32m+[0m[0m server_side_encryption_configuration (known after apply)

      [32m+[0m[0m versioning (known after apply)

      [32m+[0m[0m website (known after apply)
    }

[1m  # aws_s3_bucket_policy.frontend[0m will be created
[0m  [32m+[0m[0m resource "aws_s3_bucket_policy" "frontend" {
      [32m+[0m[0m bucket = (known after apply)
      [32m+[0m[0m id     = (known after apply)
      [32m+[0m[0m policy = (known after apply)
    }

[1m  # aws_s3_bucket_public_access_block.frontend[0m will be created
[0m  [32m+[0m[0m resource "aws_s3_bucket_public_access_block" "frontend" {
      [32m+[0m[0m block_public_acls       = true
      [32m+[0m[0m block_public_policy     = true
      [32m+[0m[0m bucket                  = (known after apply)
      [32m+[0m[0m id                      = (known after apply)
      [32m+[0m[0m ignore_public_acls      = true
      [32m+[0m[0m restrict_public_buckets = true
    }

[1m  # aws_security_group.alb[0m will be created
[0m  [32m+[0m[0m resource "aws_security_group" "alb" {
      [32m+[0m[0m arn                    = (known after apply)
      [32m+[0m[0m description            = "Trafico HTTP entrante hacia el ALB"
      [32m+[0m[0m egress                 = [
          [32m+[0m[0m {
              [32m+[0m[0m cidr_blocks      = [
                  [32m+[0m[0m "0.0.0.0/0",
                ]
              [32m+[0m[0m from_port        = 0
              [32m+[0m[0m ipv6_cidr_blocks = []
              [32m+[0m[0m prefix_list_ids  = []
              [32m+[0m[0m protocol         = "-1"
              [32m+[0m[0m security_groups  = []
              [32m+[0m[0m self             = false
              [32m+[0m[0m to_port          = 0
                [90m# (1 unchanged attribute hidden)[0m[0m
            },
        ]
      [32m+[0m[0m id                     = (known after apply)
      [32m+[0m[0m ingress                = [
          [32m+[0m[0m {
              [32m+[0m[0m cidr_blocks      = [
                  [32m+[0m[0m "0.0.0.0/0",
                ]
              [32m+[0m[0m description      = "HTTP desde internet"
              [32m+[0m[0m from_port        = 80
              [32m+[0m[0m ipv6_cidr_blocks = []
              [32m+[0m[0m prefix_list_ids  = []
              [32m+[0m[0m protocol         = "tcp"
              [32m+[0m[0m security_groups  = []
              [32m+[0m[0m self             = false
              [32m+[0m[0m to_port          = 80
            },
        ]
      [32m+[0m[0m name                   = "pqr-clasificador-alb-sg"
      [32m+[0m[0m name_prefix            = (known after apply)
      [32m+[0m[0m owner_id               = (known after apply)
      [32m+[0m[0m revoke_rules_on_delete = false
      [32m+[0m[0m tags                   = {
          [32m+[0m[0m "Name" = "pqr-clasificador-alb-sg"
        }
      [32m+[0m[0m tags_all               = {
          [32m+[0m[0m "Name" = "pqr-clasificador-alb-sg"
        }
      [32m+[0m[0m vpc_id                 = (known after apply)
    }

[1m  # aws_security_group.ecs[0m will be created
[0m  [32m+[0m[0m resource "aws_security_group" "ecs" {
      [32m+[0m[0m arn                    = (known after apply)
      [32m+[0m[0m description            = "Trafico hacia las tareas de ECS Fargate (backend)"
      [32m+[0m[0m egress                 = [
          [32m+[0m[0m {
              [32m+[0m[0m cidr_blocks      = [
                  [32m+[0m[0m "0.0.0.0/0",
                ]
              [32m+[0m[0m from_port        = 0
              [32m+[0m[0m ipv6_cidr_blocks = []
              [32m+[0m[0m prefix_list_ids  = []
              [32m+[0m[0m protocol         = "-1"
              [32m+[0m[0m security_groups  = []
              [32m+[0m[0m self             = false
              [32m+[0m[0m to_port          = 0
                [90m# (1 unchanged attribute hidden)[0m[0m
            },
        ]
      [32m+[0m[0m id                     = (known after apply)
      [32m+[0m[0m ingress                = [
          [32m+[0m[0m {
              [32m+[0m[0m cidr_blocks      = []
              [32m+[0m[0m description      = "Trafico desde el ALB"
              [32m+[0m[0m from_port        = 3001
              [32m+[0m[0m ipv6_cidr_blocks = []
              [32m+[0m[0m prefix_list_ids  = []
              [32m+[0m[0m protocol         = "tcp"
              [32m+[0m[0m security_groups  = (known after apply)
              [32m+[0m[0m self             = false
              [32m+[0m[0m to_port          = 3001
            },
        ]
      [32m+[0m[0m name                   = "pqr-clasificador-ecs-sg"
      [32m+[0m[0m name_prefix            = (known after apply)
      [32m+[0m[0m owner_id               = (known after apply)
      [32m+[0m[0m revoke_rules_on_delete = false
      [32m+[0m[0m tags                   = {
          [32m+[0m[0m "Name" = "pqr-clasificador-ecs-sg"
        }
      [32m+[0m[0m tags_all               = {
          [32m+[0m[0m "Name" = "pqr-clasificador-ecs-sg"
        }
      [32m+[0m[0m vpc_id                 = (known after apply)
    }

[1m  # aws_security_group.efs[0m will be created
[0m  [32m+[0m[0m resource "aws_security_group" "efs" {
      [32m+[0m[0m arn                    = (known after apply)
      [32m+[0m[0m description            = "Acceso NFS desde las tareas de ECS (sesion de WhatsApp persistente)"
      [32m+[0m[0m egress                 = [
          [32m+[0m[0m {
              [32m+[0m[0m cidr_blocks      = [
                  [32m+[0m[0m "0.0.0.0/0",
                ]
              [32m+[0m[0m from_port        = 0
              [32m+[0m[0m ipv6_cidr_blocks = []
              [32m+[0m[0m prefix_list_ids  = []
              [32m+[0m[0m protocol         = "-1"
              [32m+[0m[0m security_groups  = []
              [32m+[0m[0m self             = false
              [32m+[0m[0m to_port          = 0
                [90m# (1 unchanged attribute hidden)[0m[0m
            },
        ]
      [32m+[0m[0m id                     = (known after apply)
      [32m+[0m[0m ingress                = [
          [32m+[0m[0m {
              [32m+[0m[0m cidr_blocks      = []
              [32m+[0m[0m description      = "NFS desde ECS"
              [32m+[0m[0m from_port        = 2049
              [32m+[0m[0m ipv6_cidr_blocks = []
              [32m+[0m[0m prefix_list_ids  = []
              [32m+[0m[0m protocol         = "tcp"
              [32m+[0m[0m security_groups  = (known after apply)
              [32m+[0m[0m self             = false
              [32m+[0m[0m to_port          = 2049
            },
        ]
      [32m+[0m[0m name                   = "pqr-clasificador-efs-sg"
      [32m+[0m[0m name_prefix            = (known after apply)
      [32m+[0m[0m owner_id               = (known after apply)
      [32m+[0m[0m revoke_rules_on_delete = false
      [32m+[0m[0m tags                   = {
          [32m+[0m[0m "Name" = "pqr-clasificador-efs-sg"
        }
      [32m+[0m[0m tags_all               = {
          [32m+[0m[0m "Name" = "pqr-clasificador-efs-sg"
        }
      [32m+[0m[0m vpc_id                 = (known after apply)
    }

[1m  # aws_security_group.rds[0m will be created
[0m  [32m+[0m[0m resource "aws_security_group" "rds" {
      [32m+[0m[0m arn                    = (known after apply)
      [32m+[0m[0m description            = "Acceso a PostgreSQL solo desde las tareas de ECS"
      [32m+[0m[0m egress                 = [
          [32m+[0m[0m {
              [32m+[0m[0m cidr_blocks      = [
                  [32m+[0m[0m "0.0.0.0/0",
                ]
              [32m+[0m[0m from_port        = 0
              [32m+[0m[0m ipv6_cidr_blocks = []
              [32m+[0m[0m prefix_list_ids  = []
              [32m+[0m[0m protocol         = "-1"
              [32m+[0m[0m security_groups  = []
              [32m+[0m[0m self             = false
              [32m+[0m[0m to_port          = 0
                [90m# (1 unchanged attribute hidden)[0m[0m
            },
        ]
      [32m+[0m[0m id                     = (known after apply)
      [32m+[0m[0m ingress                = [
          [32m+[0m[0m {
              [32m+[0m[0m cidr_blocks      = []
              [32m+[0m[0m description      = "PostgreSQL desde ECS"
              [32m+[0m[0m from_port        = 5432
              [32m+[0m[0m ipv6_cidr_blocks = []
              [32m+[0m[0m prefix_list_ids  = []
              [32m+[0m[0m protocol         = "tcp"
              [32m+[0m[0m security_groups  = (known after apply)
              [32m+[0m[0m self             = false
              [32m+[0m[0m to_port          = 5432
            },
        ]
      [32m+[0m[0m name                   = "pqr-clasificador-rds-sg"
      [32m+[0m[0m name_prefix            = (known after apply)
      [32m+[0m[0m owner_id               = (known after apply)
      [32m+[0m[0m revoke_rules_on_delete = false
      [32m+[0m[0m tags                   = {
          [32m+[0m[0m "Name" = "pqr-clasificador-rds-sg"
        }
      [32m+[0m[0m tags_all               = {
          [32m+[0m[0m "Name" = "pqr-clasificador-rds-sg"
        }
      [32m+[0m[0m vpc_id                 = (known after apply)
    }

[1m  # aws_ssm_parameter.admin_email[0m will be created
[0m  [32m+[0m[0m resource "aws_ssm_parameter" "admin_email" {
      [32m+[0m[0m arn            = (known after apply)
      [32m+[0m[0m data_type      = (known after apply)
      [32m+[0m[0m has_value_wo   = (known after apply)
      [32m+[0m[0m id             = (known after apply)
      [32m+[0m[0m insecure_value = (known after apply)
      [32m+[0m[0m key_id         = (known after apply)
      [32m+[0m[0m name           = "/pqr-clasificador/prod/ADMIN_EMAIL"
      [32m+[0m[0m tags_all       = (known after apply)
      [32m+[0m[0m tier           = (known after apply)
      [32m+[0m[0m type           = "SecureString"
      [32m+[0m[0m value          = (sensitive value)
      [32m+[0m[0m value_wo       = (write-only attribute)
      [32m+[0m[0m version        = (known after apply)
    }

[1m  # aws_ssm_parameter.admin_password[0m will be created
[0m  [32m+[0m[0m resource "aws_ssm_parameter" "admin_password" {
      [32m+[0m[0m arn            = (known after apply)
      [32m+[0m[0m data_type      = (known after apply)
      [32m+[0m[0m has_value_wo   = (known after apply)
      [32m+[0m[0m id             = (known after apply)
      [32m+[0m[0m insecure_value = (known after apply)
      [32m+[0m[0m key_id         = (known after apply)
      [32m+[0m[0m name           = "/pqr-clasificador/prod/ADMIN_PASSWORD"
      [32m+[0m[0m tags_all       = (known after apply)
      [32m+[0m[0m tier           = (known after apply)
      [32m+[0m[0m type           = "SecureString"
      [32m+[0m[0m value          = (sensitive value)
      [32m+[0m[0m value_wo       = (write-only attribute)
      [32m+[0m[0m version        = (known after apply)
    }

[1m  # aws_ssm_parameter.database_url[0m will be created
[0m  [32m+[0m[0m resource "aws_ssm_parameter" "database_url" {
      [32m+[0m[0m arn            = (known after apply)
      [32m+[0m[0m data_type      = (known after apply)
      [32m+[0m[0m has_value_wo   = (known after apply)
      [32m+[0m[0m id             = (known after apply)
      [32m+[0m[0m insecure_value = (known after apply)
      [32m+[0m[0m key_id         = (known after apply)
      [32m+[0m[0m name           = "/pqr-clasificador/prod/DATABASE_URL"
      [32m+[0m[0m tags           = {
          [32m+[0m[0m "Name" = "pqr-clasificador-database-url"
        }
      [32m+[0m[0m tags_all       = {
          [32m+[0m[0m "Name" = "pqr-clasificador-database-url"
        }
      [32m+[0m[0m tier           = (known after apply)
      [32m+[0m[0m type           = "SecureString"
      [32m+[0m[0m value          = (sensitive value)
      [32m+[0m[0m value_wo       = (write-only attribute)
      [32m+[0m[0m version        = (known after apply)
    }

[1m  # aws_ssm_parameter.email_pass[0m will be created
[0m  [32m+[0m[0m resource "aws_ssm_parameter" "email_pass" {
      [32m+[0m[0m arn            = (known after apply)
      [32m+[0m[0m data_type      = (known after apply)
      [32m+[0m[0m has_value_wo   = (known after apply)
      [32m+[0m[0m id             = (known after apply)
      [32m+[0m[0m insecure_value = (known after apply)
      [32m+[0m[0m key_id         = (known after apply)
      [32m+[0m[0m name           = "/pqr-clasificador/prod/EMAIL_PASS"
      [32m+[0m[0m tags_all       = (known after apply)
      [32m+[0m[0m tier           = (known after apply)
      [32m+[0m[0m type           = "SecureString"
      [32m+[0m[0m value          = (sensitive value)
      [32m+[0m[0m value_wo       = (write-only attribute)
      [32m+[0m[0m version        = (known after apply)
    }

[1m  # aws_ssm_parameter.email_user[0m will be created
[0m  [32m+[0m[0m resource "aws_ssm_parameter" "email_user" {
      [32m+[0m[0m arn            = (known after apply)
      [32m+[0m[0m data_type      = (known after apply)
      [32m+[0m[0m has_value_wo   = (known after apply)
      [32m+[0m[0m id             = (known after apply)
      [32m+[0m[0m insecure_value = (known after apply)
      [32m+[0m[0m key_id         = (known after apply)
      [32m+[0m[0m name           = "/pqr-clasificador/prod/EMAIL_USER"
      [32m+[0m[0m tags_all       = (known after apply)
      [32m+[0m[0m tier           = (known after apply)
      [32m+[0m[0m type           = "SecureString"
      [32m+[0m[0m value          = (sensitive value)
      [32m+[0m[0m value_wo       = (write-only attribute)
      [32m+[0m[0m version        = (known after apply)
    }

[1m  # aws_ssm_parameter.jwt_secret[0m will be created
[0m  [32m+[0m[0m resource "aws_ssm_parameter" "jwt_secret" {
      [32m+[0m[0m arn            = (known after apply)
      [32m+[0m[0m data_type      = (known after apply)
      [32m+[0m[0m has_value_wo   = (known after apply)
      [32m+[0m[0m id             = (known after apply)
      [32m+[0m[0m insecure_value = (known after apply)
      [32m+[0m[0m key_id         = (known after apply)
      [32m+[0m[0m name           = "/pqr-clasificador/prod/JWT_SECRET"
      [32m+[0m[0m tags_all       = (known after apply)
      [32m+[0m[0m tier           = (known after apply)
      [32m+[0m[0m type           = "SecureString"
      [32m+[0m[0m value          = (sensitive value)
      [32m+[0m[0m value_wo       = (write-only attribute)
      [32m+[0m[0m version        = (known after apply)
    }

[1m  # aws_ssm_parameter.openrouter_api_key[0m will be created
[0m  [32m+[0m[0m resource "aws_ssm_parameter" "openrouter_api_key" {
      [32m+[0m[0m arn            = (known after apply)
      [32m+[0m[0m data_type      = (known after apply)
      [32m+[0m[0m has_value_wo   = (known after apply)
      [32m+[0m[0m id             = (known after apply)
      [32m+[0m[0m insecure_value = (known after apply)
      [32m+[0m[0m key_id         = (known after apply)
      [32m+[0m[0m name           = "/pqr-clasificador/prod/OPENROUTER_API_KEY"
      [32m+[0m[0m tags_all       = (known after apply)
      [32m+[0m[0m tier           = (known after apply)
      [32m+[0m[0m type           = "SecureString"
      [32m+[0m[0m value          = (sensitive value)
      [32m+[0m[0m value_wo       = (write-only attribute)
      [32m+[0m[0m version        = (known after apply)
    }

[1m  # aws_ssm_parameter.telegram_bot_token[0m will be created
[0m  [32m+[0m[0m resource "aws_ssm_parameter" "telegram_bot_token" {
      [32m+[0m[0m arn            = (known after apply)
      [32m+[0m[0m data_type      = (known after apply)
      [32m+[0m[0m has_value_wo   = (known after apply)
      [32m+[0m[0m id             = (known after apply)
      [32m+[0m[0m insecure_value = (known after apply)
      [32m+[0m[0m key_id         = (known after apply)
      [32m+[0m[0m name           = "/pqr-clasificador/prod/TELEGRAM_BOT_TOKEN"
      [32m+[0m[0m tags_all       = (known after apply)
      [32m+[0m[0m tier           = (known after apply)
      [32m+[0m[0m type           = "SecureString"
      [32m+[0m[0m value          = (sensitive value)
      [32m+[0m[0m value_wo       = (write-only attribute)
      [32m+[0m[0m version        = (known after apply)
    }

[1m  # aws_subnet.private[0][0m will be created
[0m  [32m+[0m[0m resource "aws_subnet" "private" {
      [32m+[0m[0m arn                                            = (known after apply)
      [32m+[0m[0m assign_ipv6_address_on_creation                = false
      [32m+[0m[0m availability_zone                              = "us-east-1a"
      [32m+[0m[0m availability_zone_id                           = (known after apply)
      [32m+[0m[0m cidr_block                                     = "10.0.10.0/24"
      [32m+[0m[0m enable_dns64                                   = false
      [32m+[0m[0m enable_resource_name_dns_a_record_on_launch    = false
      [32m+[0m[0m enable_resource_name_dns_aaaa_record_on_launch = false
      [32m+[0m[0m id                                             = (known after apply)
      [32m+[0m[0m ipv6_cidr_block_association_id                 = (known after apply)
      [32m+[0m[0m ipv6_native                                    = false
      [32m+[0m[0m map_public_ip_on_launch                        = false
      [32m+[0m[0m owner_id                                       = (known after apply)
      [32m+[0m[0m private_dns_hostname_type_on_launch            = (known after apply)
      [32m+[0m[0m tags                                           = {
          [32m+[0m[0m "Name" = "pqr-clasificador-private-us-east-1a"
        }
      [32m+[0m[0m tags_all                                       = {
          [32m+[0m[0m "Name" = "pqr-clasificador-private-us-east-1a"
        }
      [32m+[0m[0m vpc_id                                         = (known after apply)
    }

[1m  # aws_subnet.private[1][0m will be created
[0m  [32m+[0m[0m resource "aws_subnet" "private" {
      [32m+[0m[0m arn                                            = (known after apply)
      [32m+[0m[0m assign_ipv6_address_on_creation                = false
      [32m+[0m[0m availability_zone                              = "us-east-1b"
      [32m+[0m[0m availability_zone_id                           = (known after apply)
      [32m+[0m[0m cidr_block                                     = "10.0.11.0/24"
      [32m+[0m[0m enable_dns64                                   = false
      [32m+[0m[0m enable_resource_name_dns_a_record_on_launch    = false
      [32m+[0m[0m enable_resource_name_dns_aaaa_record_on_launch = false
      [32m+[0m[0m id                                             = (known after apply)
      [32m+[0m[0m ipv6_cidr_block_association_id                 = (known after apply)
      [32m+[0m[0m ipv6_native                                    = false
      [32m+[0m[0m map_public_ip_on_launch                        = false
      [32m+[0m[0m owner_id                                       = (known after apply)
      [32m+[0m[0m private_dns_hostname_type_on_launch            = (known after apply)
      [32m+[0m[0m tags                                           = {
          [32m+[0m[0m "Name" = "pqr-clasificador-private-us-east-1b"
        }
      [32m+[0m[0m tags_all                                       = {
          [32m+[0m[0m "Name" = "pqr-clasificador-private-us-east-1b"
        }
      [32m+[0m[0m vpc_id                                         = (known after apply)
    }

[1m  # aws_subnet.public[0][0m will be created
[0m  [32m+[0m[0m resource "aws_subnet" "public" {
      [32m+[0m[0m arn                                            = (known after apply)
      [32m+[0m[0m assign_ipv6_address_on_creation                = false
      [32m+[0m[0m availability_zone                              = "us-east-1a"
      [32m+[0m[0m availability_zone_id                           = (known after apply)
      [32m+[0m[0m cidr_block                                     = "10.0.0.0/24"
      [32m+[0m[0m enable_dns64                                   = false
      [32m+[0m[0m enable_resource_name_dns_a_record_on_launch    = false
      [32m+[0m[0m enable_resource_name_dns_aaaa_record_on_launch = false
      [32m+[0m[0m id                                             = (known after apply)
      [32m+[0m[0m ipv6_cidr_block_association_id                 = (known after apply)
      [32m+[0m[0m ipv6_native                                    = false
      [32m+[0m[0m map_public_ip_on_launch                        = true
      [32m+[0m[0m owner_id                                       = (known after apply)
      [32m+[0m[0m private_dns_hostname_type_on_launch            = (known after apply)
      [32m+[0m[0m tags                                           = {
          [32m+[0m[0m "Name" = "pqr-clasificador-public-us-east-1a"
        }
      [32m+[0m[0m tags_all                                       = {
          [32m+[0m[0m "Name" = "pqr-clasificador-public-us-east-1a"
        }
      [32m+[0m[0m vpc_id                                         = (known after apply)
    }

[1m  # aws_subnet.public[1][0m will be created
[0m  [32m+[0m[0m resource "aws_subnet" "public" {
      [32m+[0m[0m arn                                            = (known after apply)
      [32m+[0m[0m assign_ipv6_address_on_creation                = false
      [32m+[0m[0m availability_zone                              = "us-east-1b"
      [32m+[0m[0m availability_zone_id                           = (known after apply)
      [32m+[0m[0m cidr_block                                     = "10.0.1.0/24"
      [32m+[0m[0m enable_dns64                                   = false
      [32m+[0m[0m enable_resource_name_dns_a_record_on_launch    = false
      [32m+[0m[0m enable_resource_name_dns_aaaa_record_on_launch = false
      [32m+[0m[0m id                                             = (known after apply)
      [32m+[0m[0m ipv6_cidr_block_association_id                 = (known after apply)
      [32m+[0m[0m ipv6_native                                    = false
      [32m+[0m[0m map_public_ip_on_launch                        = true
      [32m+[0m[0m owner_id                                       = (known after apply)
      [32m+[0m[0m private_dns_hostname_type_on_launch            = (known after apply)
      [32m+[0m[0m tags                                           = {
          [32m+[0m[0m "Name" = "pqr-clasificador-public-us-east-1b"
        }
      [32m+[0m[0m tags_all                                       = {
          [32m+[0m[0m "Name" = "pqr-clasificador-public-us-east-1b"
        }
      [32m+[0m[0m vpc_id                                         = (known after apply)
    }

[1m  # aws_vpc.main[0m will be created
[0m  [32m+[0m[0m resource "aws_vpc" "main" {
      [32m+[0m[0m arn                                  = (known after apply)
      [32m+[0m[0m cidr_block                           = "10.0.0.0/16"
      [32m+[0m[0m default_network_acl_id               = (known after apply)
      [32m+[0m[0m default_route_table_id               = (known after apply)
      [32m+[0m[0m default_security_group_id            = (known after apply)
      [32m+[0m[0m dhcp_options_id                      = (known after apply)
      [32m+[0m[0m enable_dns_hostnames                 = true
      [32m+[0m[0m enable_dns_support                   = true
      [32m+[0m[0m enable_network_address_usage_metrics = (known after apply)
      [32m+[0m[0m id                                   = (known after apply)
      [32m+[0m[0m instance_tenancy                     = "default"
      [32m+[0m[0m ipv6_association_id                  = (known after apply)
      [32m+[0m[0m ipv6_cidr_block                      = (known after apply)
      [32m+[0m[0m ipv6_cidr_block_network_border_group = (known after apply)
      [32m+[0m[0m main_route_table_id                  = (known after apply)
      [32m+[0m[0m owner_id                             = (known after apply)
      [32m+[0m[0m tags                                 = {
          [32m+[0m[0m "Name" = "pqr-clasificador-vpc"
        }
      [32m+[0m[0m tags_all                             = {
          [32m+[0m[0m "Name" = "pqr-clasificador-vpc"
        }
    }

[1mPlan:[0m [0m46 to add, 0 to change, 0 to destroy.

Changes to Outputs:
  [32m+[0m[0m alb_dns_name           = (known after apply)
  [32m+[0m[0m cloudfront_domain_name = (known after apply)
  [32m+[0m[0m ecr_repository_url     = (known after apply)
  [32m+[0m[0m ecs_cluster_name       = "pqr-clasificador-cluster"
  [32m+[0m[0m ecs_service_name       = "pqr-clasificador-backend"
  [32m+[0m[0m frontend_bucket_name   = "pqr-clasificador-frontend-447958713966"
  [32m+[0m[0m rds_endpoint           = (known after apply)
[0m[1maws_cloudwatch_log_group.backend: Creating...[0m[0m
[0m[1maws_ssm_parameter.admin_password: Creating...[0m[0m
[0m[1maws_ssm_parameter.admin_email: Creating...[0m[0m
[0m[1maws_ssm_parameter.jwt_secret: Creating...[0m[0m
[0m[1maws_ssm_parameter.openrouter_api_key: Creating...[0m[0m
[0m[1maws_ssm_parameter.email_pass: Creating...[0m[0m
[0m[1maws_ssm_parameter.email_user: Creating...[0m[0m
[0m[1maws_eip.nat: Creating...[0m[0m
[0m[1maws_ecs_cluster.main: Creating...[0m[0m
[0m[1maws_s3_bucket.frontend: Creating...[0m[0m
[0m[1maws_cloudwatch_log_group.backend: Creation complete after 1s [id=/ecs/pqr-clasificador-backend][0m
[0m[1maws_efs_file_system.wa_auth: Creating...[0m[0m
[0m[1maws_ssm_parameter.openrouter_api_key: Creation complete after 1s [id=/pqr-clasificador/prod/OPENROUTER_API_KEY][0m
[0m[1maws_ssm_parameter.email_user: Creation complete after 1s [id=/pqr-clasificador/prod/EMAIL_USER][0m
[0m[1maws_ssm_parameter.jwt_secret: Creation complete after 1s [id=/pqr-clasificador/prod/JWT_SECRET][0m
[0m[1maws_ecr_repository.backend: Creating...[0m[0m
[0m[1maws_ssm_parameter.email_pass: Creation complete after 1s [id=/pqr-clasificador/prod/EMAIL_PASS][0m
[0m[1maws_cloudfront_origin_access_control.frontend: Creating...[0m[0m
[0m[1maws_ssm_parameter.telegram_bot_token: Creating...[0m[0m
[0m[1maws_ssm_parameter.admin_password: Creation complete after 1s [id=/pqr-clasificador/prod/ADMIN_PASSWORD][0m
[0m[1maws_vpc.main: Creating...[0m[0m
[0m[1maws_ssm_parameter.admin_email: Creation complete after 1s [id=/pqr-clasificador/prod/ADMIN_EMAIL][0m
[0m[1maws_ssm_parameter.telegram_bot_token: Creation complete after 1s [id=/pqr-clasificador/prod/TELEGRAM_BOT_TOKEN][0m
[0m[1maws_ecr_repository.backend: Creation complete after 1s [id=pqr-clasificador-backend][0m
[0m[1maws_ecr_lifecycle_policy.backend: Creating...[0m[0m
[0m[1maws_ecr_lifecycle_policy.backend: Creation complete after 0s [id=pqr-clasificador-backend][0m
[0m[1maws_eip.nat: Creation complete after 2s [id=eipalloc-0e41d3d41fab215c8][0m
[0m[1maws_s3_bucket.frontend: Creation complete after 3s [id=pqr-clasificador-frontend-447958713966][0m
[0m[1maws_s3_bucket_public_access_block.frontend: Creating...[0m[0m
[0m[1maws_s3_bucket_public_access_block.frontend: Creation complete after 0s [id=pqr-clasificador-frontend-447958713966][0m
[0m[1maws_vpc.main: Still creating... [00m10s elapsed][0m[0m
[0m[1maws_vpc.main: Creation complete after 13s [id=vpc-020bf69e5d575e648][0m
[0m[1maws_internet_gateway.main: Creating...[0m[0m
[0m[1maws_subnet.private[1]: Creating...[0m[0m
[0m[1maws_subnet.private[0]: Creating...[0m[0m
[0m[1maws_subnet.public[0]: Creating...[0m[0m
[0m[1maws_subnet.public[1]: Creating...[0m[0m
[0m[1maws_lb_target_group.backend: Creating...[0m[0m
[0m[1maws_security_group.alb: Creating...[0m[0m
[0m[1maws_internet_gateway.main: Creation complete after 1s [id=igw-0fb3acb76af1010b0][0m
[0m[1maws_route_table.public: Creating...[0m[0m
[0m[1maws_subnet.private[1]: Creation complete after 1s [id=subnet-00660363e19c60116][0m
[0m[1maws_subnet.private[0]: Creation complete after 1s [id=subnet-0878902462d8c6c7d][0m
[0m[1maws_db_subnet_group.main: Creating...[0m[0m
[0m[1maws_lb_target_group.backend: Creation complete after 2s [id=arn:aws:elasticloadbalancing:us-east-1:447958713966:targetgroup/pqr-clasificador-backend-tg/e8a372ee4c31f51d][0m
[0m[1maws_route_table.public: Creation complete after 2s [id=rtb-0e6c9a14991bfbfcd][0m
[0m[1maws_security_group.alb: Creation complete after 4s [id=sg-0b4c6ae54215d5375][0m
[0m[1maws_security_group.ecs: Creating...[0m[0m
[0m[1maws_security_group.ecs: Creation complete after 3s [id=sg-006897bd8bcfd58ab][0m
[0m[1maws_security_group.efs: Creating...[0m[0m
[0m[1maws_security_group.rds: Creating...[0m[0m
[0m[1maws_subnet.public[0]: Still creating... [00m10s elapsed][0m[0m
[0m[1maws_subnet.public[1]: Still creating... [00m10s elapsed][0m[0m
[0m[1maws_security_group.rds: Creation complete after 3s [id=sg-06fd2517a9a576cb4][0m
[0m[1maws_security_group.efs: Creation complete after 3s [id=sg-006faac8ae1e69ac2][0m
[0m[1maws_subnet.public[1]: Creation complete after 12s [id=subnet-0d5651b2415852065][0m
[0m[1maws_subnet.public[0]: Creation complete after 15s [id=subnet-0b8cee76a65ecde4e][0m
[0m[1maws_route_table_association.public[1]: Creating...[0m[0m
[0m[1maws_route_table_association.public[0]: Creating...[0m[0m
[0m[1maws_nat_gateway.main: Creating...[0m[0m
[0m[1maws_lb.main: Creating...[0m[0m
[0m[1maws_route_table_association.public[1]: Creation complete after 1s [id=rtbassoc-0faaf56fe70ad98ab][0m
[0m[1maws_route_table_association.public[0]: Creation complete after 1s [id=rtbassoc-031c68e90c015e194][0m
[0m[1maws_nat_gateway.main: Still creating... [00m10s elapsed][0m[0m
[0m[1maws_nat_gateway.main: Still creating... [00m20s elapsed][0m[0m
[0m[1maws_nat_gateway.main: Still creating... [00m30s elapsed][0m[0m
[0m[1maws_nat_gateway.main: Still creating... [00m40s elapsed][0m[0m
[0m[1maws_nat_gateway.main: Still creating... [00m50s elapsed][0m[0m
[0m[1maws_nat_gateway.main: Still creating... [01m00s elapsed][0m[0m
[0m[1maws_nat_gateway.main: Still creating... [01m10s elapsed][0m[0m
[0m[1maws_nat_gateway.main: Still creating... [01m20s elapsed][0m[0m
[0m[1maws_nat_gateway.main: Still creating... [01m30s elapsed][0m[0m
[0m[1maws_nat_gateway.main: Still creating... [01m40s elapsed][0m[0m
[0m[1maws_nat_gateway.main: Still creating... [01m50s elapsed][0m[0m
[0m[1maws_nat_gateway.main: Still creating... [02m00s elapsed][0m[0m
[0m[1maws_nat_gateway.main: Creation complete after 2m6s [id=nat-0e919982f842e019a][0m
[0m[1maws_route_table.private: Creating...[0m[0m
[0m[1maws_route_table.private: Creation complete after 2s [id=rtb-025af7f2892e87271][0m
[0m[1maws_route_table_association.private[1]: Creating...[0m[0m
[0m[1maws_route_table_association.private[0]: Creating...[0m[0m
[0m[1maws_route_table_association.private[0]: Creation complete after 1s [id=rtbassoc-01f748154286d2dd8][0m
[0m[1maws_route_table_association.private[1]: Creation complete after 1s [id=rtbassoc-07fd269328eea3640][0m
[31m╷[0m[0m
[31m│[0m [0m[1m[31mError: [0m[0m[1mELBv2 Load Balancer (pqr-clasificador-alb) already exists[0m
[31m│[0m [0m
[31m│[0m [0m[0m  with aws_lb.main,
[31m│[0m [0m  on alb.tf line 1, in resource "aws_lb" "main":
[31m│[0m [0m   1: resource "aws_lb" "main" [4m{[0m[0m
[31m│[0m [0m
[31m╵[0m[0m
[31m╷[0m[0m
[31m│[0m [0m[1m[31mError: [0m[0m[1mcreating CloudFront Origin Access Control (pqr-clasificador-frontend-oac): operation error CloudFront: CreateOriginAccessControl, https response error StatusCode: 403, RequestID: e44ffe5d-0b55-436d-8e51-df7f02e10b62, api error AccessDenied: User: arn:aws:sts::447958713966:assumed-role/voclabs/user5140083=wjosemartinez@unicesar.edu.co is not authorized to perform: cloudfront:CreateOriginAccessControl on resource: arn:aws:cloudfront::447958713966:origin-access-control/* because no identity-based policy allows the cloudfront:CreateOriginAccessControl action[0m
[31m│[0m [0m
[31m│[0m [0m[0m  with aws_cloudfront_origin_access_control.frontend,
[31m│[0m [0m  on cloudfront.tf line 21, in resource "aws_cloudfront_origin_access_control" "frontend":
[31m│[0m [0m  21: resource "aws_cloudfront_origin_access_control" "frontend" [4m{[0m[0m
[31m│[0m [0m
[31m╵[0m[0m
[31m╷[0m[0m
[31m│[0m [0m[1m[31mError: [0m[0m[1mcreating ECS Cluster (pqr-clasificador-cluster): operation error ECS: CreateCluster, https response error StatusCode: 400, RequestID: a6408bc8-9e40-40f3-a218-89f7bf4e2bc7, InvalidParameterException: Arguments on this idempotent request are inconsistent with arguments used in previous request(s).[0m
[31m│[0m [0m
[31m│[0m [0m[0m  with aws_ecs_cluster.main,
[31m│[0m [0m  on ecs.tf line 1, in resource "aws_ecs_cluster" "main":
[31m│[0m [0m   1: resource "aws_ecs_cluster" "main" [4m{[0m[0m
[31m│[0m [0m
[31m╵[0m[0m
[31m╷[0m[0m
[31m│[0m [0m[1m[31mError: [0m[0m[1mcreating EFS File System: operation error EFS: CreateFileSystem, https response error StatusCode: 400, RequestID: 8a69c6bd-595a-454b-86a8-49a5bc7c28c6, BadRequest: The request was rejected because the specified KMS key could not be found. [error=NotFoundException][0m
[31m│[0m [0m
[31m│[0m [0m[0m  with aws_efs_file_system.wa_auth,
[31m│[0m [0m  on efs.tf line 4, in resource "aws_efs_file_system" "wa_auth":
[31m│[0m [0m   4: resource "aws_efs_file_system" "wa_auth" [4m{[0m[0m
[31m│[0m [0m
[31m╵[0m[0m
[31m╷[0m[0m
[31m│[0m [0m[1m[31mError: [0m[0m[1mcreating RDS DB Subnet Group (pqr-clasificador-db-subnet-group): operation error RDS: CreateDBSubnetGroup, https response error StatusCode: 400, RequestID: 72b62d13-ebd0-4190-9f10-bf267fee3f24, DBSubnetGroupAlreadyExists: The DB subnet group 'pqr-clasificador-db-subnet-group' already exists.[0m
[31m│[0m [0m
[31m│[0m [0m[0m  with aws_db_subnet_group.main,
[31m│[0m [0m  on rds.tf line 1, in resource "aws_db_subnet_group" "main":
[31m│[0m [0m   1: resource "aws_db_subnet_group" "main" [4m{[0m[0m
[31m│[0m [0m
[31m╵[0m[0m
